<?xml version="1.0" encoding="UTF-8"?>
<Site BuildName="(empty)"
	BuildStamp="20240718-1904-Experimental"
	Name="gre-blade"
	Generator="ctest-3.22.1"
	CompilerName="/usr/bin/c++"
	CompilerVersion="11.4.0"
	OSName="Linux"
	Hostname="gre-blade"
	OSRelease="6.5.0-1025-oem"
	OSVersion="#26-Ubuntu SMP PREEMPT_DYNAMIC Tue Jun 18 12:35:22 UTC 2024"
	OSPlatform="x86_64"
	Is64Bits="1"
	VendorString="GenuineIntel"
	VendorID="Intel Corporation"
	FamilyID="6"
	ModelID="158"
	ProcessorCacheSize="9216"
	NumberOfLogicalCPU="12"
	NumberOfPhysicalCPU="6"
	TotalVirtualMemory="2047"
	TotalPhysicalMemory="15883"
	LogicalProcessorsPerPhysical="2"
	ProcessorClockFrequency="2779.44"
	>
	<Testing>
		<StartDateTime>Jul 18 21:05 CEST</StartDateTime>
		<StartTestTime>1721329551</StartTestTime>
		<TestList/>
		<EndDateTime>Jul 18 21:05 CEST</EndDateTime>
		<EndTestTime>1721329551</EndTestTime>
		<ElapsedMinutes>0</ElapsedMinutes>
	</Testing>
</Site>
